{"C:\\Users\\zezo_\\Documents\\VScode programs\\weather-microservice\\app\\api\\health\\route.ts": {"path":"C:\\Users\\zezo_\\Documents\\VScode programs\\weather-microservice\\app\\api\\health\\route.ts","statementMap":{"0":{"start":{"line":6,"column":22},"end":{"line":6,"column":null}},"1":{"start":{"line":1,"column":29},"end":{"line":1,"column":null}},"2":{"start":{"line":4,"column":24},"end":{"line":4,"column":null}},"3":{"start":{"line":8,"column":14},"end":{"line":8,"column":null}},"4":{"start":{"line":9,"column":19},"end":{"line":9,"column":null}},"5":{"start":{"line":12,"column":16},"end":{"line":12,"column":null}},"6":{"start":{"line":13,"column":18},"end":{"line":13,"column":null}},"7":{"start":{"line":15,"column":2},"end":{"line":19,"column":null}}},"fnMap":{"0":{"name":"GET","decl":{"start":{"line":6,"column":22},"end":{"line":6,"column":null}},"loc":{"start":{"line":6,"column":22},"end":{"line":20,"column":null}}}},"branchMap":{},"s":{"0":1,"1":1,"2":1,"3":1,"4":1,"5":1,"6":1,"7":1},"f":{"0":1},"b":{}}
,"C:\\Users\\zezo_\\Documents\\VScode programs\\weather-microservice\\app\\api\\weather\\route.ts": {"path":"C:\\Users\\zezo_\\Documents\\VScode programs\\weather-microservice\\app\\api\\weather\\route.ts","statementMap":{"0":{"start":{"line":50,"column":22},"end":{"line":50,"column":26}},"1":{"start":{"line":1,"column":47},"end":{"line":1,"column":null}},"2":{"start":{"line":12,"column":49},"end":{"line":48,"column":null}},"3":{"start":{"line":52,"column":27},"end":{"line":52,"column":null}},"4":{"start":{"line":53,"column":15},"end":{"line":53,"column":null}},"5":{"start":{"line":56,"column":2},"end":{"line":56,"column":null}},"6":{"start":{"line":59,"column":2},"end":{"line":61,"column":null}},"7":{"start":{"line":60,"column":4},"end":{"line":60,"column":null}},"8":{"start":{"line":64,"column":15},"end":{"line":64,"column":32}},"9":{"start":{"line":66,"column":2},"end":{"line":71,"column":null}},"10":{"start":{"line":67,"column":4},"end":{"line":67,"column":null}},"11":{"start":{"line":70,"column":4},"end":{"line":70,"column":null}}},"fnMap":{"0":{"name":"GET","decl":{"start":{"line":50,"column":22},"end":{"line":50,"column":26}},"loc":{"start":{"line":50,"column":46},"end":{"line":72,"column":null}}}},"branchMap":{"0":{"loc":{"start":{"line":59,"column":2},"end":{"line":61,"column":null}},"type":"if","locations":[{"start":{"line":59,"column":2},"end":{"line":61,"column":null}}]},"1":{"loc":{"start":{"line":66,"column":2},"end":{"line":71,"column":null}},"type":"if","locations":[{"start":{"line":66,"column":2},"end":{"line":71,"column":null}},{"start":{"line":68,"column":9},"end":{"line":71,"column":null}}]}},"s":{"0":3,"1":1,"2":1,"3":3,"4":3,"5":3,"6":3,"7":1,"8":2,"9":2,"10":1,"11":1},"f":{"0":3},"b":{"0":[1],"1":[1,1]}}
,"C:\\Users\\zezo_\\Documents\\VScode programs\\weather-microservice\\lib\\weather.ts": {"path":"C:\\Users\\zezo_\\Documents\\VScode programs\\weather-microservice\\lib\\weather.ts","statementMap":{"0":{"start":{"line":14,"column":16},"end":{"line":14,"column":33}},"1":{"start":{"line":18,"column":16},"end":{"line":18,"column":30}},"2":{"start":{"line":9,"column":16},"end":{"line":9,"column":28}},"3":{"start":{"line":11,"column":2},"end":{"line":11,"column":null}},"4":{"start":{"line":15,"column":2},"end":{"line":15,"column":null}},"5":{"start":{"line":19,"column":26},"end":{"line":19,"column":null}},"6":{"start":{"line":21,"column":2},"end":{"line":35,"column":null}},"7":{"start":{"line":22,"column":4},"end":{"line":22,"column":null}},"8":{"start":{"line":23,"column":9},"end":{"line":35,"column":null}},"9":{"start":{"line":24,"column":4},"end":{"line":24,"column":null}},"10":{"start":{"line":25,"column":9},"end":{"line":35,"column":null}},"11":{"start":{"line":26,"column":4},"end":{"line":26,"column":null}},"12":{"start":{"line":27,"column":9},"end":{"line":35,"column":null}},"13":{"start":{"line":28,"column":4},"end":{"line":28,"column":null}},"14":{"start":{"line":29,"column":9},"end":{"line":35,"column":null}},"15":{"start":{"line":30,"column":4},"end":{"line":30,"column":null}},"16":{"start":{"line":31,"column":9},"end":{"line":35,"column":null}},"17":{"start":{"line":32,"column":4},"end":{"line":32,"column":null}},"18":{"start":{"line":34,"column":4},"end":{"line":34,"column":null}}},"fnMap":{"0":{"name":"validateCity","decl":{"start":{"line":9,"column":16},"end":{"line":9,"column":28}},"loc":{"start":{"line":9,"column":41},"end":{"line":12,"column":null}}},"1":{"name":"formatTemperature","decl":{"start":{"line":14,"column":16},"end":{"line":14,"column":33}},"loc":{"start":{"line":14,"column":69},"end":{"line":16,"column":null}}},"2":{"name":"getWeatherIcon","decl":{"start":{"line":18,"column":16},"end":{"line":18,"column":30}},"loc":{"start":{"line":18,"column":49},"end":{"line":36,"column":null}}}},"branchMap":{"0":{"loc":{"start":{"line":14,"column":48},"end":{"line":14,"column":69}},"type":"default-arg","locations":[{"start":{"line":14,"column":66},"end":{"line":14,"column":69}}]},"1":{"loc":{"start":{"line":21,"column":2},"end":{"line":35,"column":null}},"type":"if","locations":[{"start":{"line":21,"column":2},"end":{"line":35,"column":null}},{"start":{"line":23,"column":9},"end":{"line":35,"column":null}}]},"2":{"loc":{"start":{"line":21,"column":6},"end":{"line":21,"column":78}},"type":"binary-expr","locations":[{"start":{"line":21,"column":6},"end":{"line":21,"column":43}},{"start":{"line":21,"column":43},"end":{"line":21,"column":78}}]},"3":{"loc":{"start":{"line":23,"column":9},"end":{"line":35,"column":null}},"type":"if","locations":[{"start":{"line":23,"column":9},"end":{"line":35,"column":null}},{"start":{"line":25,"column":9},"end":{"line":35,"column":null}}]},"4":{"loc":{"start":{"line":25,"column":9},"end":{"line":35,"column":null}},"type":"if","locations":[{"start":{"line":25,"column":9},"end":{"line":35,"column":null}},{"start":{"line":27,"column":9},"end":{"line":35,"column":null}}]},"5":{"loc":{"start":{"line":25,"column":13},"end":{"line":25,"column":89}},"type":"binary-expr","locations":[{"start":{"line":25,"column":13},"end":{"line":25,"column":51}},{"start":{"line":25,"column":51},"end":{"line":25,"column":89}}]},"6":{"loc":{"start":{"line":27,"column":9},"end":{"line":35,"column":null}},"type":"if","locations":[{"start":{"line":27,"column":9},"end":{"line":35,"column":null}},{"start":{"line":29,"column":9},"end":{"line":35,"column":null}}]},"7":{"loc":{"start":{"line":29,"column":9},"end":{"line":35,"column":null}},"type":"if","locations":[{"start":{"line":29,"column":9},"end":{"line":35,"column":null}},{"start":{"line":31,"column":9},"end":{"line":35,"column":null}}]},"8":{"loc":{"start":{"line":31,"column":9},"end":{"line":35,"column":null}},"type":"if","locations":[{"start":{"line":31,"column":9},"end":{"line":35,"column":null}},{"start":{"line":33,"column":9},"end":{"line":35,"column":null}}]},"9":{"loc":{"start":{"line":31,"column":13},"end":{"line":31,"column":87}},"type":"binary-expr","locations":[{"start":{"line":31,"column":13},"end":{"line":31,"column":50}},{"start":{"line":31,"column":50},"end":{"line":31,"column":87}}]}},"s":{"0":6,"1":8,"2":8,"3":8,"4":6,"5":8,"6":8,"7":2,"8":6,"9":1,"10":5,"11":2,"12":3,"13":2,"14":1,"15":0,"16":1,"17":0,"18":1},"f":{"0":8,"1":6,"2":8},"b":{"0":[3],"1":[2,6],"2":[8,7],"3":[1,5],"4":[2,3],"5":[5,4],"6":[2,1],"7":[0,1],"8":[0,1],"9":[1,1]}}
}
