TN:
SF:app\api\health\route.ts
FN:6,GET
FNF:1
FNH:1
FNDA:1,GET
DA:1,1
DA:4,1
DA:6,1
DA:8,1
DA:9,1
DA:12,1
DA:13,1
DA:15,1
LF:8
LH:8
BRF:0
BRH:0
end_of_record
TN:
SF:app\api\weather\route.ts
FN:50,GET
FNF:1
FNH:1
FNDA:3,GET
DA:1,1
DA:12,1
DA:50,3
DA:52,3
DA:53,3
DA:56,3
DA:59,3
DA:60,1
DA:64,2
DA:66,2
DA:67,1
DA:70,1
LF:12
LH:12
BRDA:59,0,0,1
BRDA:66,1,0,1
BRDA:66,1,1,1
BRF:3
BRH:3
end_of_record
TN:
SF:lib\weather.ts
FN:9,validateCity
FN:14,formatTemperature
FN:18,getWeatherIcon
FNF:3
FNH:3
FNDA:8,validateCity
FNDA:6,formatTemperature
FNDA:8,getWeatherIcon
DA:9,8
DA:11,8
DA:14,6
DA:15,6
DA:18,8
DA:19,8
DA:21,8
DA:22,2
DA:23,6
DA:24,1
DA:25,5
DA:26,2
DA:27,3
DA:28,2
DA:29,1
DA:30,0
DA:31,1
DA:32,0
DA:34,1
LF:19
LH:17
BRDA:14,0,0,3
BRDA:21,1,0,2
BRDA:21,1,1,6
BRDA:21,2,0,8
BRDA:21,2,1,7
BRDA:23,3,0,1
BRDA:23,3,1,5
BRDA:25,4,0,2
BRDA:25,4,1,3
BRDA:25,5,0,5
BRDA:25,5,1,4
BRDA:27,6,0,2
BRDA:27,6,1,1
BRDA:29,7,0,0
BRDA:29,7,1,1
BRDA:31,8,0,0
BRDA:31,8,1,1
BRDA:31,9,0,1
BRDA:31,9,1,1
BRF:19
BRH:17
end_of_record
